2016-12-14 16:50:47 [127.0.0.1][-][-][error][yii\web\HttpException:400] exception 'yii\web\BadRequestHttpException' with message 'Unable to verify your data submission.' in /var/www/html/yii2-shop/vendor/yiisoft/yii2/web/Controller.php:110
Stack trace:
#0 /var/www/html/yii2-shop/vendor/yiisoft/yii2/base/Controller.php(149): yii\web\Controller->beforeAction(Object(yii\base\InlineAction))
#1 /var/www/html/yii2-shop/vendor/yiisoft/yii2/base/Module.php(455): yii\base\Controller->runAction('delete', Array)
#2 /var/www/html/yii2-shop/vendor/yiisoft/yii2/web/Application.php(83): yii\base\Module->runAction('product-image/d...', Array)
#3 /var/www/html/yii2-shop/vendor/yiisoft/yii2/base/Application.php(375): yii\web\Application->handleRequest(Object(yii\web\Request))
#4 /var/www/html/yii2-shop/backend/web/index.php(18): yii\base\Application->run()
#5 {main}
2016-12-14 16:50:47 [127.0.0.1][-][-][info][application] $_GET = [
    'id' => '21'
]

$_POST = [
    '_csrf' => 'UnF5Q09oU0ljHj0sFj4YJQpGLzAQGAt4AD8sbiJcOX9kNggvNjspLQ=='
]

$_COOKIE = [
    'PHPSESSID' => 'r0dreinumm4nskmdgp20usgl50'
    '_csrf' => 'b1d3c63d3457fc0643c297d3eed1af65491a859aaa191504b49aadc913ad2b08a:2:{i:0;s:5:\"_csrf\";i:1;s:32:\"UWKj2nzO2WE4woGOg3pPCXELmGzD1sew\";}'
]

$_SESSION = [
    '__flash' => []
    '__returnUrl' => '/yii2-shop/'
]

$_SERVER = [
    'REDIRECT_REDIRECT_STATUS' => '200'
    'REDIRECT_STATUS' => '200'
    'HTTP_HOST' => 'localhost'
    'HTTP_USER_AGENT' => 'Mozilla/5.0 (X11; Ubuntu; Linux i686; rv:50.0) Gecko/20100101 Firefox/50.0'
    'HTTP_ACCEPT' => 'text/html,application/xhtml+xml,application/xml;q=0.9,*/*;q=0.8'
    'HTTP_ACCEPT_LANGUAGE' => 'en-US,en;q=0.5'
    'HTTP_ACCEPT_ENCODING' => 'gzip, deflate'
    'HTTP_REFERER' => 'http://localhost/yii2-shop/adm/product-image/upload?id=5'
    'HTTP_COOKIE' => 'PHPSESSID=r0dreinumm4nskmdgp20usgl50; _csrf=b1d3c63d3457fc0643c297d3eed1af65491a859aaa191504b49aadc913ad2b08a%3A2%3A%7Bi%3A0%3Bs%3A5%3A%22_csrf%22%3Bi%3A1%3Bs%3A32%3A%22UWKj2nzO2WE4woGOg3pPCXELmGzD1sew%22%3B%7D'
    'HTTP_CONNECTION' => 'keep-alive'
    'HTTP_UPGRADE_INSECURE_REQUESTS' => '1'
    'CONTENT_TYPE' => 'application/x-www-form-urlencoded'
    'CONTENT_LENGTH' => '66'
    'PATH' => '/usr/local/sbin:/usr/local/bin:/usr/sbin:/usr/bin:/sbin:/bin'
    'SERVER_SIGNATURE' => '<address>Apache/2.4.18 (Ubuntu) Server at localhost Port 80</address>
'
    'SERVER_SOFTWARE' => 'Apache/2.4.18 (Ubuntu)'
    'SERVER_NAME' => 'localhost'
    'SERVER_ADDR' => '127.0.0.1'
    'SERVER_PORT' => '80'
    'REMOTE_ADDR' => '127.0.0.1'
    'DOCUMENT_ROOT' => '/var/www/html'
    'REQUEST_SCHEME' => 'http'
    'CONTEXT_PREFIX' => ''
    'CONTEXT_DOCUMENT_ROOT' => '/var/www/html'
    'SERVER_ADMIN' => 'webmaster@localhost'
    'SCRIPT_FILENAME' => '/var/www/html/yii2-shop/backend/web/index.php'
    'REMOTE_PORT' => '57138'
    'REDIRECT_URL' => '/yii2-shop/backend/web//product-image/delete'
    'REDIRECT_QUERY_STRING' => 'id=21'
    'GATEWAY_INTERFACE' => 'CGI/1.1'
    'SERVER_PROTOCOL' => 'HTTP/1.1'
    'REQUEST_METHOD' => 'POST'
    'QUERY_STRING' => 'id=21'
    'REQUEST_URI' => '/yii2-shop/adm/product-image/delete?id=21'
    'SCRIPT_NAME' => '/yii2-shop/backend/web/index.php'
    'PHP_SELF' => '/yii2-shop/backend/web/index.php'
    'REQUEST_TIME_FLOAT' => 1481734247.552
    'REQUEST_TIME' => 1481734247
]
2016-12-14 16:54:20 [127.0.0.1][-][-][error][yii\base\ErrorException:1] exception 'yii\base\ErrorException' with message 'Class 'backend\assets\AppAsset' not found' in /var/www/html/yii2-shop/backend/views/layouts/main.php:11
Stack trace:
#0 [internal function]: yii\base\ErrorHandler->handleFatalError()
#1 {main}
2016-12-14 16:54:20 [127.0.0.1][-][-][info][application] $_COOKIE = [
    'PHPSESSID' => 'r0dreinumm4nskmdgp20usgl50'
    '_csrf' => '6d7743945e82661748e4ab07c9af78c4292a6d49ceff2efb9e451dfca9d0fd53a:2:{i:0;s:5:\"_csrf\";i:1;s:32:\"jA43Fk9KuvOhQNj6_bwXFX204O1P4ESe\";}'
]

$_SERVER = [
    'REDIRECT_REDIRECT_STATUS' => '200'
    'REDIRECT_STATUS' => '200'
    'HTTP_HOST' => 'localhost'
    'HTTP_USER_AGENT' => 'Mozilla/5.0 (X11; Ubuntu; Linux i686; rv:50.0) Gecko/20100101 Firefox/50.0'
    'HTTP_ACCEPT' => 'text/html,application/xhtml+xml,application/xml;q=0.9,*/*;q=0.8'
    'HTTP_ACCEPT_LANGUAGE' => 'en-US,en;q=0.5'
    'HTTP_ACCEPT_ENCODING' => 'gzip, deflate'
    'HTTP_REFERER' => 'http://localhost/yii2-shop/adm/product-image/delete?id=21'
    'HTTP_COOKIE' => 'PHPSESSID=r0dreinumm4nskmdgp20usgl50; _csrf=6d7743945e82661748e4ab07c9af78c4292a6d49ceff2efb9e451dfca9d0fd53a%3A2%3A%7Bi%3A0%3Bs%3A5%3A%22_csrf%22%3Bi%3A1%3Bs%3A32%3A%22jA43Fk9KuvOhQNj6_bwXFX204O1P4ESe%22%3B%7D'
    'HTTP_CONNECTION' => 'keep-alive'
    'HTTP_UPGRADE_INSECURE_REQUESTS' => '1'
    'PATH' => '/usr/local/sbin:/usr/local/bin:/usr/sbin:/usr/bin:/sbin:/bin'
    'SERVER_SIGNATURE' => '<address>Apache/2.4.18 (Ubuntu) Server at localhost Port 80</address>
'
    'SERVER_SOFTWARE' => 'Apache/2.4.18 (Ubuntu)'
    'SERVER_NAME' => 'localhost'
    'SERVER_ADDR' => '127.0.0.1'
    'SERVER_PORT' => '80'
    'REMOTE_ADDR' => '127.0.0.1'
    'DOCUMENT_ROOT' => '/var/www/html'
    'REQUEST_SCHEME' => 'http'
    'CONTEXT_PREFIX' => ''
    'CONTEXT_DOCUMENT_ROOT' => '/var/www/html'
    'SERVER_ADMIN' => 'webmaster@localhost'
    'SCRIPT_FILENAME' => '/var/www/html/yii2-shop/backend/web/index.php'
    'REMOTE_PORT' => '57144'
    'REDIRECT_URL' => '/yii2-shop/backend/web//product/index'
    'GATEWAY_INTERFACE' => 'CGI/1.1'
    'SERVER_PROTOCOL' => 'HTTP/1.1'
    'REQUEST_METHOD' => 'GET'
    'QUERY_STRING' => ''
    'REQUEST_URI' => '/yii2-shop/adm/product/index'
    'SCRIPT_NAME' => '/yii2-shop/backend/web/index.php'
    'PHP_SELF' => '/yii2-shop/backend/web/index.php'
    'REQUEST_TIME_FLOAT' => 1481734460.454
    'REQUEST_TIME' => 1481734460
]
2016-12-14 16:58:07 [127.0.0.1][-][-][error][Imagine\Exception\RuntimeException] exception 'ImagickException' with message 'unable to open image `/var/www/html/yii2-shop/frontend/web/uploads/1/thumb-bebek1.jpeg': Permission denied @ error/blob.c/OpenBlob/2712' in /var/www/html/yii2-shop/vendor/imagine/imagine/lib/Imagine/Imagick/Image.php:280
Stack trace:
#0 /var/www/html/yii2-shop/vendor/imagine/imagine/lib/Imagine/Imagick/Image.php(280): Imagick->writeimages('/var/www/html/y...', true)
#1 /var/www/html/yii2-shop/backend/models/UploadForm.php(41): Imagine\Imagick\Image->save('/var/www/html/y...', Array)
#2 /var/www/html/yii2-shop/backend/controllers/ProductImageController.php(148): backend\models\UploadForm->upload('1')
#3 [internal function]: backend\controllers\ProductImageController->actionUpload('1')
#4 /var/www/html/yii2-shop/vendor/yiisoft/yii2/base/InlineAction.php(55): call_user_func_array(Array, Array)
#5 /var/www/html/yii2-shop/vendor/yiisoft/yii2/base/Controller.php(151): yii\base\InlineAction->runWithParams(Array)
#6 /var/www/html/yii2-shop/vendor/yiisoft/yii2/base/Module.php(455): yii\base\Controller->runAction('upload', Array)
#7 /var/www/html/yii2-shop/vendor/yiisoft/yii2/web/Application.php(83): yii\base\Module->runAction('product-image/u...', Array)
#8 /var/www/html/yii2-shop/vendor/yiisoft/yii2/base/Application.php(375): yii\web\Application->handleRequest(Object(yii\web\Request))
#9 /var/www/html/yii2-shop/backend/web/index.php(18): yii\base\Application->run()
#10 {main}

Next exception 'Imagine\Exception\RuntimeException' with message 'Save operation failed' in /var/www/html/yii2-shop/vendor/imagine/imagine/lib/Imagine/Imagick/Image.php:282
Stack trace:
#0 /var/www/html/yii2-shop/backend/models/UploadForm.php(41): Imagine\Imagick\Image->save('/var/www/html/y...', Array)
#1 /var/www/html/yii2-shop/backend/controllers/ProductImageController.php(148): backend\models\UploadForm->upload('1')
#2 [internal function]: backend\controllers\ProductImageController->actionUpload('1')
#3 /var/www/html/yii2-shop/vendor/yiisoft/yii2/base/InlineAction.php(55): call_user_func_array(Array, Array)
#4 /var/www/html/yii2-shop/vendor/yiisoft/yii2/base/Controller.php(151): yii\base\InlineAction->runWithParams(Array)
#5 /var/www/html/yii2-shop/vendor/yiisoft/yii2/base/Module.php(455): yii\base\Controller->runAction('upload', Array)
#6 /var/www/html/yii2-shop/vendor/yiisoft/yii2/web/Application.php(83): yii\base\Module->runAction('product-image/u...', Array)
#7 /var/www/html/yii2-shop/vendor/yiisoft/yii2/base/Application.php(375): yii\web\Application->handleRequest(Object(yii\web\Request))
#8 /var/www/html/yii2-shop/backend/web/index.php(18): yii\base\Application->run()
#9 {main}
2016-12-14 16:58:07 [127.0.0.1][-][-][info][application] $_GET = [
    'id' => '1'
]

$_POST = [
    '_csrf' => 'WmFRcVJPUEUwIGVCFCRpDi8XHhkDATpzBQMmKRQXYnVuLmAhZgoDIA=='
    'UploadForm' => [
        'imageFile' => ''
    ]
]

$_FILES = [
    'UploadForm' => [
        'name' => [
            'imageFile' => 'bebek1.jpeg'
        ]
        'type' => [
            'imageFile' => 'image/jpeg'
        ]
        'tmp_name' => [
            'imageFile' => '/tmp/phpn8Sds3'
        ]
        'error' => [
            'imageFile' => 0
        ]
        'size' => [
            'imageFile' => 3648
        ]
    ]
]

$_COOKIE = [
    'PHPSESSID' => 'r0dreinumm4nskmdgp20usgl50'
    '_csrf' => '6d7743945e82661748e4ab07c9af78c4292a6d49ceff2efb9e451dfca9d0fd53a:2:{i:0;s:5:\"_csrf\";i:1;s:32:\"jA43Fk9KuvOhQNj6_bwXFX204O1P4ESe\";}'
]

$_SERVER = [
    'REDIRECT_REDIRECT_STATUS' => '200'
    'REDIRECT_STATUS' => '200'
    'HTTP_HOST' => 'localhost'
    'HTTP_USER_AGENT' => 'Mozilla/5.0 (X11; Ubuntu; Linux i686; rv:50.0) Gecko/20100101 Firefox/50.0'
    'HTTP_ACCEPT' => 'text/html,application/xhtml+xml,application/xml;q=0.9,*/*;q=0.8'
    'HTTP_ACCEPT_LANGUAGE' => 'en-US,en;q=0.5'
    'HTTP_ACCEPT_ENCODING' => 'gzip, deflate'
    'HTTP_REFERER' => 'http://localhost/yii2-shop/adm/product-image/upload?id=1'
    'HTTP_COOKIE' => 'PHPSESSID=r0dreinumm4nskmdgp20usgl50; _csrf=6d7743945e82661748e4ab07c9af78c4292a6d49ceff2efb9e451dfca9d0fd53a%3A2%3A%7Bi%3A0%3Bs%3A5%3A%22_csrf%22%3Bi%3A1%3Bs%3A32%3A%22jA43Fk9KuvOhQNj6_bwXFX204O1P4ESe%22%3B%7D'
    'HTTP_CONNECTION' => 'keep-alive'
    'HTTP_UPGRADE_INSECURE_REQUESTS' => '1'
    'CONTENT_TYPE' => 'multipart/form-data; boundary=---------------------------161739465018132807141345920022'
    'CONTENT_LENGTH' => '4182'
    'PATH' => '/usr/local/sbin:/usr/local/bin:/usr/sbin:/usr/bin:/sbin:/bin'
    'SERVER_SIGNATURE' => '<address>Apache/2.4.18 (Ubuntu) Server at localhost Port 80</address>
'
    'SERVER_SOFTWARE' => 'Apache/2.4.18 (Ubuntu)'
    'SERVER_NAME' => 'localhost'
    'SERVER_ADDR' => '127.0.0.1'
    'SERVER_PORT' => '80'
    'REMOTE_ADDR' => '127.0.0.1'
    'DOCUMENT_ROOT' => '/var/www/html'
    'REQUEST_SCHEME' => 'http'
    'CONTEXT_PREFIX' => ''
    'CONTEXT_DOCUMENT_ROOT' => '/var/www/html'
    'SERVER_ADMIN' => 'webmaster@localhost'
    'SCRIPT_FILENAME' => '/var/www/html/yii2-shop/backend/web/index.php'
    'REMOTE_PORT' => '57166'
    'REDIRECT_URL' => '/yii2-shop/backend/web//product-image/upload'
    'REDIRECT_QUERY_STRING' => 'id=1'
    'GATEWAY_INTERFACE' => 'CGI/1.1'
    'SERVER_PROTOCOL' => 'HTTP/1.1'
    'REQUEST_METHOD' => 'POST'
    'QUERY_STRING' => 'id=1'
    'REQUEST_URI' => '/yii2-shop/adm/product-image/upload?id=1'
    'SCRIPT_NAME' => '/yii2-shop/backend/web/index.php'
    'PHP_SELF' => '/yii2-shop/backend/web/index.php'
    'REQUEST_TIME_FLOAT' => 1481734687.615
    'REQUEST_TIME' => 1481734687
]
2016-12-14 17:00:29 [127.0.0.1][-][-][error][Imagine\Exception\RuntimeException] exception 'ImagickException' with message 'unable to open image `/var/www/html/yii2-shop/frontend/web/uploads/1/thumb-bebek1.jpeg': Permission denied @ error/blob.c/OpenBlob/2712' in /var/www/html/yii2-shop/vendor/imagine/imagine/lib/Imagine/Imagick/Image.php:280
Stack trace:
#0 /var/www/html/yii2-shop/vendor/imagine/imagine/lib/Imagine/Imagick/Image.php(280): Imagick->writeimages('/var/www/html/y...', true)
#1 /var/www/html/yii2-shop/backend/models/UploadForm.php(41): Imagine\Imagick\Image->save('/var/www/html/y...', Array)
#2 /var/www/html/yii2-shop/backend/controllers/ProductImageController.php(148): backend\models\UploadForm->upload('1')
#3 [internal function]: backend\controllers\ProductImageController->actionUpload('1')
#4 /var/www/html/yii2-shop/vendor/yiisoft/yii2/base/InlineAction.php(55): call_user_func_array(Array, Array)
#5 /var/www/html/yii2-shop/vendor/yiisoft/yii2/base/Controller.php(151): yii\base\InlineAction->runWithParams(Array)
#6 /var/www/html/yii2-shop/vendor/yiisoft/yii2/base/Module.php(455): yii\base\Controller->runAction('upload', Array)
#7 /var/www/html/yii2-shop/vendor/yiisoft/yii2/web/Application.php(83): yii\base\Module->runAction('product-image/u...', Array)
#8 /var/www/html/yii2-shop/vendor/yiisoft/yii2/base/Application.php(375): yii\web\Application->handleRequest(Object(yii\web\Request))
#9 /var/www/html/yii2-shop/backend/web/index.php(18): yii\base\Application->run()
#10 {main}

Next exception 'Imagine\Exception\RuntimeException' with message 'Save operation failed' in /var/www/html/yii2-shop/vendor/imagine/imagine/lib/Imagine/Imagick/Image.php:282
Stack trace:
#0 /var/www/html/yii2-shop/backend/models/UploadForm.php(41): Imagine\Imagick\Image->save('/var/www/html/y...', Array)
#1 /var/www/html/yii2-shop/backend/controllers/ProductImageController.php(148): backend\models\UploadForm->upload('1')
#2 [internal function]: backend\controllers\ProductImageController->actionUpload('1')
#3 /var/www/html/yii2-shop/vendor/yiisoft/yii2/base/InlineAction.php(55): call_user_func_array(Array, Array)
#4 /var/www/html/yii2-shop/vendor/yiisoft/yii2/base/Controller.php(151): yii\base\InlineAction->runWithParams(Array)
#5 /var/www/html/yii2-shop/vendor/yiisoft/yii2/base/Module.php(455): yii\base\Controller->runAction('upload', Array)
#6 /var/www/html/yii2-shop/vendor/yiisoft/yii2/web/Application.php(83): yii\base\Module->runAction('product-image/u...', Array)
#7 /var/www/html/yii2-shop/vendor/yiisoft/yii2/base/Application.php(375): yii\web\Application->handleRequest(Object(yii\web\Request))
#8 /var/www/html/yii2-shop/backend/web/index.php(18): yii\base\Application->run()
#9 {main}
2016-12-14 17:00:29 [127.0.0.1][-][-][info][application] $_GET = [
    'id' => '1'
]

$_POST = [
    '_csrf' => 'RzNCMHgyTXEtcnYDPll0OjJFDVgpfCdHGFE1aD5qf0FzfHNgTHceFA=='
    'UploadForm' => [
        'imageFile' => ''
    ]
]

$_FILES = [
    'UploadForm' => [
        'name' => [
            'imageFile' => 'bebek1.jpeg'
        ]
        'type' => [
            'imageFile' => 'image/jpeg'
        ]
        'tmp_name' => [
            'imageFile' => '/tmp/phpqtXSXd'
        ]
        'error' => [
            'imageFile' => 0
        ]
        'size' => [
            'imageFile' => 3648
        ]
    ]
]

$_COOKIE = [
    'PHPSESSID' => 'r0dreinumm4nskmdgp20usgl50'
    '_csrf' => '6d7743945e82661748e4ab07c9af78c4292a6d49ceff2efb9e451dfca9d0fd53a:2:{i:0;s:5:\"_csrf\";i:1;s:32:\"jA43Fk9KuvOhQNj6_bwXFX204O1P4ESe\";}'
]

$_SERVER = [
    'REDIRECT_REDIRECT_STATUS' => '200'
    'REDIRECT_STATUS' => '200'
    'HTTP_HOST' => 'localhost'
    'HTTP_USER_AGENT' => 'Mozilla/5.0 (X11; Ubuntu; Linux i686; rv:50.0) Gecko/20100101 Firefox/50.0'
    'HTTP_ACCEPT' => 'text/html,application/xhtml+xml,application/xml;q=0.9,*/*;q=0.8'
    'HTTP_ACCEPT_LANGUAGE' => 'en-US,en;q=0.5'
    'HTTP_ACCEPT_ENCODING' => 'gzip, deflate'
    'HTTP_REFERER' => 'http://localhost/yii2-shop/adm/product-image/upload?id=1'
    'HTTP_COOKIE' => 'PHPSESSID=r0dreinumm4nskmdgp20usgl50; _csrf=6d7743945e82661748e4ab07c9af78c4292a6d49ceff2efb9e451dfca9d0fd53a%3A2%3A%7Bi%3A0%3Bs%3A5%3A%22_csrf%22%3Bi%3A1%3Bs%3A32%3A%22jA43Fk9KuvOhQNj6_bwXFX204O1P4ESe%22%3B%7D'
    'HTTP_CONNECTION' => 'keep-alive'
    'HTTP_UPGRADE_INSECURE_REQUESTS' => '1'
    'CONTENT_TYPE' => 'multipart/form-data; boundary=---------------------------1786903406895412743453798464'
    'CONTENT_LENGTH' => '4174'
    'PATH' => '/usr/local/sbin:/usr/local/bin:/usr/sbin:/usr/bin:/sbin:/bin'
    'SERVER_SIGNATURE' => '<address>Apache/2.4.18 (Ubuntu) Server at localhost Port 80</address>
'
    'SERVER_SOFTWARE' => 'Apache/2.4.18 (Ubuntu)'
    'SERVER_NAME' => 'localhost'
    'SERVER_ADDR' => '127.0.0.1'
    'SERVER_PORT' => '80'
    'REMOTE_ADDR' => '127.0.0.1'
    'DOCUMENT_ROOT' => '/var/www/html'
    'REQUEST_SCHEME' => 'http'
    'CONTEXT_PREFIX' => ''
    'CONTEXT_DOCUMENT_ROOT' => '/var/www/html'
    'SERVER_ADMIN' => 'webmaster@localhost'
    'SCRIPT_FILENAME' => '/var/www/html/yii2-shop/backend/web/index.php'
    'REMOTE_PORT' => '57204'
    'REDIRECT_URL' => '/yii2-shop/backend/web//product-image/upload'
    'REDIRECT_QUERY_STRING' => 'id=1'
    'GATEWAY_INTERFACE' => 'CGI/1.1'
    'SERVER_PROTOCOL' => 'HTTP/1.1'
    'REQUEST_METHOD' => 'POST'
    'QUERY_STRING' => 'id=1'
    'REQUEST_URI' => '/yii2-shop/adm/product-image/upload?id=1'
    'SCRIPT_NAME' => '/yii2-shop/backend/web/index.php'
    'PHP_SELF' => '/yii2-shop/backend/web/index.php'
    'REQUEST_TIME_FLOAT' => 1481734829.901
    'REQUEST_TIME' => 1481734829
]
