2016-11-21 08:25:19 [127.0.0.1][-][co3edtr2pnfsosjju7a91bm8s5][error][yii\web\HttpException:404] exception 'yii\base\InvalidRouteException' with message 'Unable to resolve the request "frontend/web/".' in /var/www/html/yii2-shop/vendor/yiisoft/yii2/base/Module.php:462
Stack trace:
#0 /var/www/html/yii2-shop/vendor/yiisoft/yii2/web/Application.php(100): yii\base\Module->runAction('frontend/web/', Array)
#1 /var/www/html/yii2-shop/vendor/yiisoft/yii2/base/Application.php(375): yii\web\Application->handleRequest(Object(yii\web\Request))
#2 /var/www/html/yii2-shop/frontend/web/index.php(18): yii\base\Application->run()
#3 {main}

Next exception 'yii\web\NotFoundHttpException' with message 'Page not found.' in /var/www/html/yii2-shop/vendor/yiisoft/yii2/web/Application.php:112
Stack trace:
#0 /var/www/html/yii2-shop/vendor/yiisoft/yii2/base/Application.php(375): yii\web\Application->handleRequest(Object(yii\web\Request))
#1 /var/www/html/yii2-shop/frontend/web/index.php(18): yii\base\Application->run()
#2 {main}
2016-11-21 08:25:18 [127.0.0.1][-][co3edtr2pnfsosjju7a91bm8s5][info][application] $_COOKIE = [
    '_identity' => '3734cfefc232a27beb7ee9233666c7b35e902883d1cba489c55a25020c7b6f25a:2:{i:0;s:9:\"_identity\";i:1;s:46:\"[2,\"wrUcO_LSXN0VqIT2dW4vfSgEGUoHySK_\",2592000]\";}'
    'PHPSESSID' => 'co3edtr2pnfsosjju7a91bm8s5'
    '_csrf' => '1282f2ef35a74c4485e8dfbcf14b2cd6b39e0e199705c4cb2b47c5f7de56a52fa:2:{i:0;s:5:\"_csrf\";i:1;s:32:\"6S_nHOfjxykboyI5zmZGLAZ8-clsSLcd\";}'
]

$_SESSION = [
    '6edee980c7ab963dc6a135c848191fb4__id' => 13
    '6edee980c7ab963dc6a135c848191fb4__name' => 'kades'
    '6edee980c7ab963dc6a135c848191fb4__states' => []
    'navtop' => 1
    '__flash' => []
]

$_SERVER = [
    'HTTP_HOST' => 'localhost'
    'HTTP_USER_AGENT' => 'Mozilla/5.0 (X11; Ubuntu; Linux i686; rv:49.0) Gecko/20100101 Firefox/49.0'
    'HTTP_ACCEPT' => 'text/html,application/xhtml+xml,application/xml;q=0.9,*/*;q=0.8'
    'HTTP_ACCEPT_LANGUAGE' => 'en-US,en;q=0.5'
    'HTTP_ACCEPT_ENCODING' => 'gzip, deflate'
    'HTTP_REFERER' => 'http://localhost/yii2-shop/frontend/'
    'HTTP_COOKIE' => '_identity=3734cfefc232a27beb7ee9233666c7b35e902883d1cba489c55a25020c7b6f25a%3A2%3A%7Bi%3A0%3Bs%3A9%3A%22_identity%22%3Bi%3A1%3Bs%3A46%3A%22%5B2%2C%22wrUcO_LSXN0VqIT2dW4vfSgEGUoHySK_%22%2C2592000%5D%22%3B%7D; PHPSESSID=co3edtr2pnfsosjju7a91bm8s5; _csrf=1282f2ef35a74c4485e8dfbcf14b2cd6b39e0e199705c4cb2b47c5f7de56a52fa%3A2%3A%7Bi%3A0%3Bs%3A5%3A%22_csrf%22%3Bi%3A1%3Bs%3A32%3A%226S_nHOfjxykboyI5zmZGLAZ8-clsSLcd%22%3B%7D'
    'HTTP_CONNECTION' => 'keep-alive'
    'HTTP_UPGRADE_INSECURE_REQUESTS' => '1'
    'PATH' => '/usr/local/sbin:/usr/local/bin:/usr/sbin:/usr/bin:/sbin:/bin'
    'SERVER_SIGNATURE' => '<address>Apache/2.4.18 (Ubuntu) Server at localhost Port 80</address>
'
    'SERVER_SOFTWARE' => 'Apache/2.4.18 (Ubuntu)'
    'SERVER_NAME' => 'localhost'
    'SERVER_ADDR' => '127.0.0.1'
    'SERVER_PORT' => '80'
    'REMOTE_ADDR' => '127.0.0.1'
    'DOCUMENT_ROOT' => '/var/www/html'
    'REQUEST_SCHEME' => 'http'
    'CONTEXT_PREFIX' => ''
    'CONTEXT_DOCUMENT_ROOT' => '/var/www/html'
    'SERVER_ADMIN' => 'webmaster@localhost'
    'SCRIPT_FILENAME' => '/var/www/html/yii2-shop/frontend/web/index.php'
    'REMOTE_PORT' => '51958'
    'GATEWAY_INTERFACE' => 'CGI/1.1'
    'SERVER_PROTOCOL' => 'HTTP/1.1'
    'REQUEST_METHOD' => 'GET'
    'QUERY_STRING' => ''
    'REQUEST_URI' => '/yii2-shop/frontend/web/'
    'SCRIPT_NAME' => '/yii2-shop/frontend/web/index.php'
    'PHP_SELF' => '/yii2-shop/frontend/web/index.php'
    'REQUEST_TIME_FLOAT' => 1479716717.628
    'REQUEST_TIME' => 1479716717
]
2016-11-21 12:52:37 [127.0.0.1][-][ie7hg9t0fdvgva3s0qon4ve101][error][yii\web\HttpException:404] exception 'yii\base\InvalidRouteException' with message 'Unable to resolve the request "yii2-shop/".' in /var/www/html/yii2-shop/vendor/yiisoft/yii2/base/Module.php:462
Stack trace:
#0 /var/www/html/yii2-shop/vendor/yiisoft/yii2/web/Application.php(100): yii\base\Module->runAction('yii2-shop/', Array)
#1 /var/www/html/yii2-shop/vendor/yiisoft/yii2/base/Application.php(375): yii\web\Application->handleRequest(Object(yii\web\Request))
#2 /var/www/html/yii2-shop/frontend/web/index.php(18): yii\base\Application->run()
#3 {main}

Next exception 'yii\web\NotFoundHttpException' with message 'Page not found.' in /var/www/html/yii2-shop/vendor/yiisoft/yii2/web/Application.php:112
Stack trace:
#0 /var/www/html/yii2-shop/vendor/yiisoft/yii2/base/Application.php(375): yii\web\Application->handleRequest(Object(yii\web\Request))
#1 /var/www/html/yii2-shop/frontend/web/index.php(18): yii\base\Application->run()
#2 {main}
2016-11-21 12:52:37 [127.0.0.1][-][ie7hg9t0fdvgva3s0qon4ve101][info][application] $_COOKIE = [
    '_identity' => '3734cfefc232a27beb7ee9233666c7b35e902883d1cba489c55a25020c7b6f25a:2:{i:0;s:9:\"_identity\";i:1;s:46:\"[2,\"wrUcO_LSXN0VqIT2dW4vfSgEGUoHySK_\",2592000]\";}'
    'PHPSESSID' => 'ie7hg9t0fdvgva3s0qon4ve101'
    '_csrf' => '6b390937947ac3d065491d7f9999f5f3444d0765a38933c476394a46dad81b66a:2:{i:0;s:5:\"_csrf\";i:1;s:32:\"gnPNuGXqIyB6v44lihmdVFNB7Mbf9Sp6\";}'
]

$_SESSION = [
    '__flash' => []
    '__returnUrl' => '/yii2-shop/localhost/yii2-shop/css/site.css'
    '__id' => 2
]

$_SERVER = [
    'REDIRECT_STATUS' => '200'
    'HTTP_HOST' => 'localhost'
    'HTTP_USER_AGENT' => 'Mozilla/5.0 (X11; Ubuntu; Linux i686; rv:49.0) Gecko/20100101 Firefox/49.0'
    'HTTP_ACCEPT' => 'text/html,application/xhtml+xml,application/xml;q=0.9,*/*;q=0.8'
    'HTTP_ACCEPT_LANGUAGE' => 'en-US,en;q=0.5'
    'HTTP_ACCEPT_ENCODING' => 'gzip, deflate'
    'HTTP_COOKIE' => '_identity=3734cfefc232a27beb7ee9233666c7b35e902883d1cba489c55a25020c7b6f25a%3A2%3A%7Bi%3A0%3Bs%3A9%3A%22_identity%22%3Bi%3A1%3Bs%3A46%3A%22%5B2%2C%22wrUcO_LSXN0VqIT2dW4vfSgEGUoHySK_%22%2C2592000%5D%22%3B%7D; PHPSESSID=ie7hg9t0fdvgva3s0qon4ve101; _csrf=6b390937947ac3d065491d7f9999f5f3444d0765a38933c476394a46dad81b66a%3A2%3A%7Bi%3A0%3Bs%3A5%3A%22_csrf%22%3Bi%3A1%3Bs%3A32%3A%22gnPNuGXqIyB6v44lihmdVFNB7Mbf9Sp6%22%3B%7D'
    'HTTP_CONNECTION' => 'keep-alive'
    'HTTP_UPGRADE_INSECURE_REQUESTS' => '1'
    'PATH' => '/usr/local/sbin:/usr/local/bin:/usr/sbin:/usr/bin:/sbin:/bin'
    'SERVER_SIGNATURE' => '<address>Apache/2.4.18 (Ubuntu) Server at localhost Port 80</address>
'
    'SERVER_SOFTWARE' => 'Apache/2.4.18 (Ubuntu)'
    'SERVER_NAME' => 'localhost'
    'SERVER_ADDR' => '127.0.0.1'
    'SERVER_PORT' => '80'
    'REMOTE_ADDR' => '127.0.0.1'
    'DOCUMENT_ROOT' => '/var/www/html'
    'REQUEST_SCHEME' => 'http'
    'CONTEXT_PREFIX' => ''
    'CONTEXT_DOCUMENT_ROOT' => '/var/www/html'
    'SERVER_ADMIN' => 'webmaster@localhost'
    'SCRIPT_FILENAME' => '/var/www/html/yii2-shop/frontend/web/index.php'
    'REMOTE_PORT' => '59070'
    'REDIRECT_URL' => '/yii2-shop/'
    'GATEWAY_INTERFACE' => 'CGI/1.1'
    'SERVER_PROTOCOL' => 'HTTP/1.1'
    'REQUEST_METHOD' => 'GET'
    'QUERY_STRING' => ''
    'REQUEST_URI' => '/yii2-shop/'
    'SCRIPT_NAME' => '/yii2-shop/frontend/web/index.php'
    'PHP_SELF' => '/yii2-shop/frontend/web/index.php'
    'REQUEST_TIME_FLOAT' => 1479732757.63
    'REQUEST_TIME' => 1479732757
]
2016-11-21 12:54:00 [127.0.0.1][-][ie7hg9t0fdvgva3s0qon4ve101][error][yii\web\HttpException:404] exception 'yii\base\InvalidRouteException' with message 'Unable to resolve the request "adm".' in /var/www/html/yii2-shop/vendor/yiisoft/yii2/base/Module.php:462
Stack trace:
#0 /var/www/html/yii2-shop/vendor/yiisoft/yii2/web/Application.php(100): yii\base\Module->runAction('adm', Array)
#1 /var/www/html/yii2-shop/vendor/yiisoft/yii2/base/Application.php(375): yii\web\Application->handleRequest(Object(yii\web\Request))
#2 /var/www/html/yii2-shop/frontend/web/index.php(18): yii\base\Application->run()
#3 {main}

Next exception 'yii\web\NotFoundHttpException' with message 'Page not found.' in /var/www/html/yii2-shop/vendor/yiisoft/yii2/web/Application.php:112
Stack trace:
#0 /var/www/html/yii2-shop/vendor/yiisoft/yii2/base/Application.php(375): yii\web\Application->handleRequest(Object(yii\web\Request))
#1 /var/www/html/yii2-shop/frontend/web/index.php(18): yii\base\Application->run()
#2 {main}
2016-11-21 12:54:00 [127.0.0.1][-][ie7hg9t0fdvgva3s0qon4ve101][info][application] $_COOKIE = [
    '_identity' => '3734cfefc232a27beb7ee9233666c7b35e902883d1cba489c55a25020c7b6f25a:2:{i:0;s:9:\"_identity\";i:1;s:46:\"[2,\"wrUcO_LSXN0VqIT2dW4vfSgEGUoHySK_\",2592000]\";}'
    'PHPSESSID' => 'ie7hg9t0fdvgva3s0qon4ve101'
    '_csrf' => '6b390937947ac3d065491d7f9999f5f3444d0765a38933c476394a46dad81b66a:2:{i:0;s:5:\"_csrf\";i:1;s:32:\"gnPNuGXqIyB6v44lihmdVFNB7Mbf9Sp6\";}'
]

$_SESSION = [
    '__flash' => []
    '__returnUrl' => '/yii2-shop/'
    '__id' => 2
]

$_SERVER = [
    'REDIRECT_REDIRECT_REDIRECT_STATUS' => '200'
    'REDIRECT_REDIRECT_STATUS' => '200'
    'REDIRECT_STATUS' => '200'
    'HTTP_HOST' => 'localhost'
    'HTTP_USER_AGENT' => 'Mozilla/5.0 (X11; Ubuntu; Linux i686; rv:49.0) Gecko/20100101 Firefox/49.0'
    'HTTP_ACCEPT' => 'text/html,application/xhtml+xml,application/xml;q=0.9,*/*;q=0.8'
    'HTTP_ACCEPT_LANGUAGE' => 'en-US,en;q=0.5'
    'HTTP_ACCEPT_ENCODING' => 'gzip, deflate'
    'HTTP_COOKIE' => '_identity=3734cfefc232a27beb7ee9233666c7b35e902883d1cba489c55a25020c7b6f25a%3A2%3A%7Bi%3A0%3Bs%3A9%3A%22_identity%22%3Bi%3A1%3Bs%3A46%3A%22%5B2%2C%22wrUcO_LSXN0VqIT2dW4vfSgEGUoHySK_%22%2C2592000%5D%22%3B%7D; PHPSESSID=ie7hg9t0fdvgva3s0qon4ve101; _csrf=6b390937947ac3d065491d7f9999f5f3444d0765a38933c476394a46dad81b66a%3A2%3A%7Bi%3A0%3Bs%3A5%3A%22_csrf%22%3Bi%3A1%3Bs%3A32%3A%22gnPNuGXqIyB6v44lihmdVFNB7Mbf9Sp6%22%3B%7D'
    'HTTP_CONNECTION' => 'keep-alive'
    'HTTP_UPGRADE_INSECURE_REQUESTS' => '1'
    'PATH' => '/usr/local/sbin:/usr/local/bin:/usr/sbin:/usr/bin:/sbin:/bin'
    'SERVER_SIGNATURE' => '<address>Apache/2.4.18 (Ubuntu) Server at localhost Port 80</address>
'
    'SERVER_SOFTWARE' => 'Apache/2.4.18 (Ubuntu)'
    'SERVER_NAME' => 'localhost'
    'SERVER_ADDR' => '127.0.0.1'
    'SERVER_PORT' => '80'
    'REMOTE_ADDR' => '127.0.0.1'
    'DOCUMENT_ROOT' => '/var/www/html'
    'REQUEST_SCHEME' => 'http'
    'CONTEXT_PREFIX' => ''
    'CONTEXT_DOCUMENT_ROOT' => '/var/www/html'
    'SERVER_ADMIN' => 'webmaster@localhost'
    'SCRIPT_FILENAME' => '/var/www/html/yii2-shop/frontend/web/index.php'
    'REMOTE_PORT' => '59082'
    'REDIRECT_URL' => '/yii2-shop/frontend/web/backend/web/'
    'GATEWAY_INTERFACE' => 'CGI/1.1'
    'SERVER_PROTOCOL' => 'HTTP/1.1'
    'REQUEST_METHOD' => 'GET'
    'QUERY_STRING' => ''
    'REQUEST_URI' => '/yii2-shop/adm'
    'SCRIPT_NAME' => '/yii2-shop/frontend/web/index.php'
    'PHP_SELF' => '/yii2-shop/frontend/web/index.php'
    'REQUEST_TIME_FLOAT' => 1479732840.551
    'REQUEST_TIME' => 1479732840
]
2016-11-21 12:55:03 [127.0.0.1][-][ie7hg9t0fdvgva3s0qon4ve101][error][yii\web\HttpException:404] exception 'yii\base\InvalidRouteException' with message 'Unable to resolve the request "adm".' in /var/www/html/yii2-shop/vendor/yiisoft/yii2/base/Module.php:462
Stack trace:
#0 /var/www/html/yii2-shop/vendor/yiisoft/yii2/web/Application.php(100): yii\base\Module->runAction('adm', Array)
#1 /var/www/html/yii2-shop/vendor/yiisoft/yii2/base/Application.php(375): yii\web\Application->handleRequest(Object(yii\web\Request))
#2 /var/www/html/yii2-shop/frontend/web/index.php(18): yii\base\Application->run()
#3 {main}

Next exception 'yii\web\NotFoundHttpException' with message 'Page not found.' in /var/www/html/yii2-shop/vendor/yiisoft/yii2/web/Application.php:112
Stack trace:
#0 /var/www/html/yii2-shop/vendor/yiisoft/yii2/base/Application.php(375): yii\web\Application->handleRequest(Object(yii\web\Request))
#1 /var/www/html/yii2-shop/frontend/web/index.php(18): yii\base\Application->run()
#2 {main}
2016-11-21 12:55:03 [127.0.0.1][-][ie7hg9t0fdvgva3s0qon4ve101][info][application] $_COOKIE = [
    '_identity' => '3734cfefc232a27beb7ee9233666c7b35e902883d1cba489c55a25020c7b6f25a:2:{i:0;s:9:\"_identity\";i:1;s:46:\"[2,\"wrUcO_LSXN0VqIT2dW4vfSgEGUoHySK_\",2592000]\";}'
    'PHPSESSID' => 'ie7hg9t0fdvgva3s0qon4ve101'
    '_csrf' => '6b390937947ac3d065491d7f9999f5f3444d0765a38933c476394a46dad81b66a:2:{i:0;s:5:\"_csrf\";i:1;s:32:\"gnPNuGXqIyB6v44lihmdVFNB7Mbf9Sp6\";}'
]

$_SESSION = [
    '__flash' => []
    '__returnUrl' => '/yii2-shop/'
    '__id' => 2
    '__captcha/site/captcha' => 'yubzrqh'
    '__captcha/site/captchacount' => 1
]

$_SERVER = [
    'REDIRECT_REDIRECT_REDIRECT_STATUS' => '200'
    'REDIRECT_REDIRECT_STATUS' => '200'
    'REDIRECT_STATUS' => '200'
    'HTTP_HOST' => 'localhost'
    'HTTP_USER_AGENT' => 'Mozilla/5.0 (X11; Ubuntu; Linux i686; rv:49.0) Gecko/20100101 Firefox/49.0'
    'HTTP_ACCEPT' => 'text/html,application/xhtml+xml,application/xml;q=0.9,*/*;q=0.8'
    'HTTP_ACCEPT_LANGUAGE' => 'en-US,en;q=0.5'
    'HTTP_ACCEPT_ENCODING' => 'gzip, deflate'
    'HTTP_COOKIE' => '_identity=3734cfefc232a27beb7ee9233666c7b35e902883d1cba489c55a25020c7b6f25a%3A2%3A%7Bi%3A0%3Bs%3A9%3A%22_identity%22%3Bi%3A1%3Bs%3A46%3A%22%5B2%2C%22wrUcO_LSXN0VqIT2dW4vfSgEGUoHySK_%22%2C2592000%5D%22%3B%7D; PHPSESSID=ie7hg9t0fdvgva3s0qon4ve101; _csrf=6b390937947ac3d065491d7f9999f5f3444d0765a38933c476394a46dad81b66a%3A2%3A%7Bi%3A0%3Bs%3A5%3A%22_csrf%22%3Bi%3A1%3Bs%3A32%3A%22gnPNuGXqIyB6v44lihmdVFNB7Mbf9Sp6%22%3B%7D'
    'HTTP_CONNECTION' => 'keep-alive'
    'HTTP_UPGRADE_INSECURE_REQUESTS' => '1'
    'PATH' => '/usr/local/sbin:/usr/local/bin:/usr/sbin:/usr/bin:/sbin:/bin'
    'SERVER_SIGNATURE' => '<address>Apache/2.4.18 (Ubuntu) Server at localhost Port 80</address>
'
    'SERVER_SOFTWARE' => 'Apache/2.4.18 (Ubuntu)'
    'SERVER_NAME' => 'localhost'
    'SERVER_ADDR' => '127.0.0.1'
    'SERVER_PORT' => '80'
    'REMOTE_ADDR' => '127.0.0.1'
    'DOCUMENT_ROOT' => '/var/www/html'
    'REQUEST_SCHEME' => 'http'
    'CONTEXT_PREFIX' => ''
    'CONTEXT_DOCUMENT_ROOT' => '/var/www/html'
    'SERVER_ADMIN' => 'webmaster@localhost'
    'SCRIPT_FILENAME' => '/var/www/html/yii2-shop/frontend/web/index.php'
    'REMOTE_PORT' => '59096'
    'REDIRECT_URL' => '/yii2-shop/frontend/web/backend/web/'
    'GATEWAY_INTERFACE' => 'CGI/1.1'
    'SERVER_PROTOCOL' => 'HTTP/1.1'
    'REQUEST_METHOD' => 'GET'
    'QUERY_STRING' => ''
    'REQUEST_URI' => '/yii2-shop/adm'
    'SCRIPT_NAME' => '/yii2-shop/frontend/web/index.php'
    'PHP_SELF' => '/yii2-shop/frontend/web/index.php'
    'REQUEST_TIME_FLOAT' => 1479732903.441
    'REQUEST_TIME' => 1479732903
]
2016-11-21 12:55:43 [127.0.0.1][-][ie7hg9t0fdvgva3s0qon4ve101][error][yii\web\HttpException:404] exception 'yii\base\InvalidRouteException' with message 'Unable to resolve the request "adm/product/index".' in /var/www/html/yii2-shop/vendor/yiisoft/yii2/base/Module.php:462
Stack trace:
#0 /var/www/html/yii2-shop/vendor/yiisoft/yii2/web/Application.php(100): yii\base\Module->runAction('adm/product/ind...', Array)
#1 /var/www/html/yii2-shop/vendor/yiisoft/yii2/base/Application.php(375): yii\web\Application->handleRequest(Object(yii\web\Request))
#2 /var/www/html/yii2-shop/frontend/web/index.php(18): yii\base\Application->run()
#3 {main}

Next exception 'yii\web\NotFoundHttpException' with message 'Page not found.' in /var/www/html/yii2-shop/vendor/yiisoft/yii2/web/Application.php:112
Stack trace:
#0 /var/www/html/yii2-shop/vendor/yiisoft/yii2/base/Application.php(375): yii\web\Application->handleRequest(Object(yii\web\Request))
#1 /var/www/html/yii2-shop/frontend/web/index.php(18): yii\base\Application->run()
#2 {main}
2016-11-21 12:55:43 [127.0.0.1][-][ie7hg9t0fdvgva3s0qon4ve101][info][application] $_COOKIE = [
    '_identity' => '3734cfefc232a27beb7ee9233666c7b35e902883d1cba489c55a25020c7b6f25a:2:{i:0;s:9:\"_identity\";i:1;s:46:\"[2,\"wrUcO_LSXN0VqIT2dW4vfSgEGUoHySK_\",2592000]\";}'
    'PHPSESSID' => 'ie7hg9t0fdvgva3s0qon4ve101'
    '_csrf' => '6b390937947ac3d065491d7f9999f5f3444d0765a38933c476394a46dad81b66a:2:{i:0;s:5:\"_csrf\";i:1;s:32:\"gnPNuGXqIyB6v44lihmdVFNB7Mbf9Sp6\";}'
]

$_SESSION = [
    '__flash' => []
    '__returnUrl' => '/yii2-shop/'
    '__id' => 2
    '__captcha/site/captcha' => 'yubzrqh'
    '__captcha/site/captchacount' => 1
]

$_SERVER = [
    'REDIRECT_REDIRECT_REDIRECT_STATUS' => '200'
    'REDIRECT_REDIRECT_STATUS' => '200'
    'REDIRECT_STATUS' => '200'
    'HTTP_HOST' => 'localhost'
    'HTTP_USER_AGENT' => 'Mozilla/5.0 (X11; Ubuntu; Linux i686; rv:49.0) Gecko/20100101 Firefox/49.0'
    'HTTP_ACCEPT' => 'text/html,application/xhtml+xml,application/xml;q=0.9,*/*;q=0.8'
    'HTTP_ACCEPT_LANGUAGE' => 'en-US,en;q=0.5'
    'HTTP_ACCEPT_ENCODING' => 'gzip, deflate'
    'HTTP_COOKIE' => '_identity=3734cfefc232a27beb7ee9233666c7b35e902883d1cba489c55a25020c7b6f25a%3A2%3A%7Bi%3A0%3Bs%3A9%3A%22_identity%22%3Bi%3A1%3Bs%3A46%3A%22%5B2%2C%22wrUcO_LSXN0VqIT2dW4vfSgEGUoHySK_%22%2C2592000%5D%22%3B%7D; PHPSESSID=ie7hg9t0fdvgva3s0qon4ve101; _csrf=6b390937947ac3d065491d7f9999f5f3444d0765a38933c476394a46dad81b66a%3A2%3A%7Bi%3A0%3Bs%3A5%3A%22_csrf%22%3Bi%3A1%3Bs%3A32%3A%22gnPNuGXqIyB6v44lihmdVFNB7Mbf9Sp6%22%3B%7D'
    'HTTP_CONNECTION' => 'keep-alive'
    'HTTP_UPGRADE_INSECURE_REQUESTS' => '1'
    'PATH' => '/usr/local/sbin:/usr/local/bin:/usr/sbin:/usr/bin:/sbin:/bin'
    'SERVER_SIGNATURE' => '<address>Apache/2.4.18 (Ubuntu) Server at localhost Port 80</address>
'
    'SERVER_SOFTWARE' => 'Apache/2.4.18 (Ubuntu)'
    'SERVER_NAME' => 'localhost'
    'SERVER_ADDR' => '127.0.0.1'
    'SERVER_PORT' => '80'
    'REMOTE_ADDR' => '127.0.0.1'
    'DOCUMENT_ROOT' => '/var/www/html'
    'REQUEST_SCHEME' => 'http'
    'CONTEXT_PREFIX' => ''
    'CONTEXT_DOCUMENT_ROOT' => '/var/www/html'
    'SERVER_ADMIN' => 'webmaster@localhost'
    'SCRIPT_FILENAME' => '/var/www/html/yii2-shop/frontend/web/index.php'
    'REMOTE_PORT' => '59100'
    'REDIRECT_URL' => '/yii2-shop/frontend/web/backend/web/product/index'
    'GATEWAY_INTERFACE' => 'CGI/1.1'
    'SERVER_PROTOCOL' => 'HTTP/1.1'
    'REQUEST_METHOD' => 'GET'
    'QUERY_STRING' => ''
    'REQUEST_URI' => '/yii2-shop/adm/product/index'
    'SCRIPT_NAME' => '/yii2-shop/frontend/web/index.php'
    'PHP_SELF' => '/yii2-shop/frontend/web/index.php'
    'REQUEST_TIME_FLOAT' => 1479732943.216
    'REQUEST_TIME' => 1479732943
]
2016-11-21 12:56:03 [127.0.0.1][-][ie7hg9t0fdvgva3s0qon4ve101][error][yii\web\HttpException:404] exception 'yii\base\InvalidRouteException' with message 'Unable to resolve the request "backend/web/".' in /var/www/html/yii2-shop/vendor/yiisoft/yii2/base/Module.php:462
Stack trace:
#0 /var/www/html/yii2-shop/vendor/yiisoft/yii2/web/Application.php(100): yii\base\Module->runAction('backend/web/', Array)
#1 /var/www/html/yii2-shop/vendor/yiisoft/yii2/base/Application.php(375): yii\web\Application->handleRequest(Object(yii\web\Request))
#2 /var/www/html/yii2-shop/frontend/web/index.php(18): yii\base\Application->run()
#3 {main}

Next exception 'yii\web\NotFoundHttpException' with message 'Page not found.' in /var/www/html/yii2-shop/vendor/yiisoft/yii2/web/Application.php:112
Stack trace:
#0 /var/www/html/yii2-shop/vendor/yiisoft/yii2/base/Application.php(375): yii\web\Application->handleRequest(Object(yii\web\Request))
#1 /var/www/html/yii2-shop/frontend/web/index.php(18): yii\base\Application->run()
#2 {main}
2016-11-21 12:56:03 [127.0.0.1][-][ie7hg9t0fdvgva3s0qon4ve101][info][application] $_COOKIE = [
    '_identity' => '3734cfefc232a27beb7ee9233666c7b35e902883d1cba489c55a25020c7b6f25a:2:{i:0;s:9:\"_identity\";i:1;s:46:\"[2,\"wrUcO_LSXN0VqIT2dW4vfSgEGUoHySK_\",2592000]\";}'
    'PHPSESSID' => 'ie7hg9t0fdvgva3s0qon4ve101'
    '_csrf' => '6b390937947ac3d065491d7f9999f5f3444d0765a38933c476394a46dad81b66a:2:{i:0;s:5:\"_csrf\";i:1;s:32:\"gnPNuGXqIyB6v44lihmdVFNB7Mbf9Sp6\";}'
]

$_SESSION = [
    '__flash' => []
    '__returnUrl' => '/yii2-shop/'
    '__id' => 2
    '__captcha/site/captcha' => 'yubzrqh'
    '__captcha/site/captchacount' => 1
]

$_SERVER = [
    'REDIRECT_REDIRECT_STATUS' => '200'
    'REDIRECT_STATUS' => '200'
    'HTTP_HOST' => 'localhost'
    'HTTP_USER_AGENT' => 'Mozilla/5.0 (X11; Ubuntu; Linux i686; rv:49.0) Gecko/20100101 Firefox/49.0'
    'HTTP_ACCEPT' => 'text/html,application/xhtml+xml,application/xml;q=0.9,*/*;q=0.8'
    'HTTP_ACCEPT_LANGUAGE' => 'en-US,en;q=0.5'
    'HTTP_ACCEPT_ENCODING' => 'gzip, deflate'
    'HTTP_COOKIE' => '_identity=3734cfefc232a27beb7ee9233666c7b35e902883d1cba489c55a25020c7b6f25a%3A2%3A%7Bi%3A0%3Bs%3A9%3A%22_identity%22%3Bi%3A1%3Bs%3A46%3A%22%5B2%2C%22wrUcO_LSXN0VqIT2dW4vfSgEGUoHySK_%22%2C2592000%5D%22%3B%7D; PHPSESSID=ie7hg9t0fdvgva3s0qon4ve101; _csrf=6b390937947ac3d065491d7f9999f5f3444d0765a38933c476394a46dad81b66a%3A2%3A%7Bi%3A0%3Bs%3A5%3A%22_csrf%22%3Bi%3A1%3Bs%3A32%3A%22gnPNuGXqIyB6v44lihmdVFNB7Mbf9Sp6%22%3B%7D'
    'HTTP_CONNECTION' => 'keep-alive'
    'HTTP_UPGRADE_INSECURE_REQUESTS' => '1'
    'PATH' => '/usr/local/sbin:/usr/local/bin:/usr/sbin:/usr/bin:/sbin:/bin'
    'SERVER_SIGNATURE' => '<address>Apache/2.4.18 (Ubuntu) Server at localhost Port 80</address>
'
    'SERVER_SOFTWARE' => 'Apache/2.4.18 (Ubuntu)'
    'SERVER_NAME' => 'localhost'
    'SERVER_ADDR' => '127.0.0.1'
    'SERVER_PORT' => '80'
    'REMOTE_ADDR' => '127.0.0.1'
    'DOCUMENT_ROOT' => '/var/www/html'
    'REQUEST_SCHEME' => 'http'
    'CONTEXT_PREFIX' => ''
    'CONTEXT_DOCUMENT_ROOT' => '/var/www/html'
    'SERVER_ADMIN' => 'webmaster@localhost'
    'SCRIPT_FILENAME' => '/var/www/html/yii2-shop/frontend/web/index.php'
    'REMOTE_PORT' => '59102'
    'REDIRECT_URL' => '/yii2-shop/frontend/web/backend/web/'
    'GATEWAY_INTERFACE' => 'CGI/1.1'
    'SERVER_PROTOCOL' => 'HTTP/1.1'
    'REQUEST_METHOD' => 'GET'
    'QUERY_STRING' => ''
    'REQUEST_URI' => '/yii2-shop/backend/web/'
    'SCRIPT_NAME' => '/yii2-shop/frontend/web/index.php'
    'PHP_SELF' => '/yii2-shop/frontend/web/index.php'
    'REQUEST_TIME_FLOAT' => 1479732963.178
    'REQUEST_TIME' => 1479732963
]
2016-11-21 12:56:11 [127.0.0.1][-][ie7hg9t0fdvgva3s0qon4ve101][error][yii\web\HttpException:404] exception 'yii\base\InvalidRouteException' with message 'Unable to resolve the request "index.php/backend/web/".' in /var/www/html/yii2-shop/vendor/yiisoft/yii2/base/Module.php:462
Stack trace:
#0 /var/www/html/yii2-shop/vendor/yiisoft/yii2/web/Application.php(100): yii\base\Module->runAction('index.php/backe...', Array)
#1 /var/www/html/yii2-shop/vendor/yiisoft/yii2/base/Application.php(375): yii\web\Application->handleRequest(Object(yii\web\Request))
#2 /var/www/html/yii2-shop/frontend/web/index.php(18): yii\base\Application->run()
#3 {main}

Next exception 'yii\web\NotFoundHttpException' with message 'Page not found.' in /var/www/html/yii2-shop/vendor/yiisoft/yii2/web/Application.php:112
Stack trace:
#0 /var/www/html/yii2-shop/vendor/yiisoft/yii2/base/Application.php(375): yii\web\Application->handleRequest(Object(yii\web\Request))
#1 /var/www/html/yii2-shop/frontend/web/index.php(18): yii\base\Application->run()
#2 {main}
2016-11-21 12:56:11 [127.0.0.1][-][ie7hg9t0fdvgva3s0qon4ve101][info][application] $_COOKIE = [
    '_identity' => '3734cfefc232a27beb7ee9233666c7b35e902883d1cba489c55a25020c7b6f25a:2:{i:0;s:9:\"_identity\";i:1;s:46:\"[2,\"wrUcO_LSXN0VqIT2dW4vfSgEGUoHySK_\",2592000]\";}'
    'PHPSESSID' => 'ie7hg9t0fdvgva3s0qon4ve101'
    '_csrf' => '6b390937947ac3d065491d7f9999f5f3444d0765a38933c476394a46dad81b66a:2:{i:0;s:5:\"_csrf\";i:1;s:32:\"gnPNuGXqIyB6v44lihmdVFNB7Mbf9Sp6\";}'
]

$_SESSION = [
    '__flash' => []
    '__returnUrl' => '/yii2-shop/'
    '__id' => 2
    '__captcha/site/captcha' => 'yubzrqh'
    '__captcha/site/captchacount' => 1
]

$_SERVER = [
    'REDIRECT_STATUS' => '200'
    'HTTP_HOST' => 'localhost'
    'HTTP_USER_AGENT' => 'Mozilla/5.0 (X11; Ubuntu; Linux i686; rv:49.0) Gecko/20100101 Firefox/49.0'
    'HTTP_ACCEPT' => 'text/html,application/xhtml+xml,application/xml;q=0.9,*/*;q=0.8'
    'HTTP_ACCEPT_LANGUAGE' => 'en-US,en;q=0.5'
    'HTTP_ACCEPT_ENCODING' => 'gzip, deflate'
    'HTTP_COOKIE' => '_identity=3734cfefc232a27beb7ee9233666c7b35e902883d1cba489c55a25020c7b6f25a%3A2%3A%7Bi%3A0%3Bs%3A9%3A%22_identity%22%3Bi%3A1%3Bs%3A46%3A%22%5B2%2C%22wrUcO_LSXN0VqIT2dW4vfSgEGUoHySK_%22%2C2592000%5D%22%3B%7D; PHPSESSID=ie7hg9t0fdvgva3s0qon4ve101; _csrf=6b390937947ac3d065491d7f9999f5f3444d0765a38933c476394a46dad81b66a%3A2%3A%7Bi%3A0%3Bs%3A5%3A%22_csrf%22%3Bi%3A1%3Bs%3A32%3A%22gnPNuGXqIyB6v44lihmdVFNB7Mbf9Sp6%22%3B%7D'
    'HTTP_CONNECTION' => 'keep-alive'
    'HTTP_UPGRADE_INSECURE_REQUESTS' => '1'
    'PATH' => '/usr/local/sbin:/usr/local/bin:/usr/sbin:/usr/bin:/sbin:/bin'
    'SERVER_SIGNATURE' => '<address>Apache/2.4.18 (Ubuntu) Server at localhost Port 80</address>
'
    'SERVER_SOFTWARE' => 'Apache/2.4.18 (Ubuntu)'
    'SERVER_NAME' => 'localhost'
    'SERVER_ADDR' => '127.0.0.1'
    'SERVER_PORT' => '80'
    'REMOTE_ADDR' => '127.0.0.1'
    'DOCUMENT_ROOT' => '/var/www/html'
    'REQUEST_SCHEME' => 'http'
    'CONTEXT_PREFIX' => ''
    'CONTEXT_DOCUMENT_ROOT' => '/var/www/html'
    'SERVER_ADMIN' => 'webmaster@localhost'
    'SCRIPT_FILENAME' => '/var/www/html/yii2-shop/frontend/web/index.php'
    'REMOTE_PORT' => '59104'
    'REDIRECT_URL' => '/yii2-shop/index.php/backend/web/'
    'GATEWAY_INTERFACE' => 'CGI/1.1'
    'SERVER_PROTOCOL' => 'HTTP/1.1'
    'REQUEST_METHOD' => 'GET'
    'QUERY_STRING' => ''
    'REQUEST_URI' => '/yii2-shop/index.php/backend/web/'
    'SCRIPT_NAME' => '/yii2-shop/frontend/web/index.php'
    'PATH_INFO' => '/backend/web/'
    'PATH_TRANSLATED' => '/var/www/html/backend/web/'
    'PHP_SELF' => '/yii2-shop/frontend/web/index.php/backend/web/'
    'REQUEST_TIME_FLOAT' => 1479732971.373
    'REQUEST_TIME' => 1479732971
]
2016-11-21 12:56:25 [127.0.0.1][-][ie7hg9t0fdvgva3s0qon4ve101][error][yii\web\HttpException:404] exception 'yii\base\InvalidRouteException' with message 'Unable to resolve the request "backend/".' in /var/www/html/yii2-shop/vendor/yiisoft/yii2/base/Module.php:462
Stack trace:
#0 /var/www/html/yii2-shop/vendor/yiisoft/yii2/web/Application.php(100): yii\base\Module->runAction('backend/', Array)
#1 /var/www/html/yii2-shop/vendor/yiisoft/yii2/base/Application.php(375): yii\web\Application->handleRequest(Object(yii\web\Request))
#2 /var/www/html/yii2-shop/frontend/web/index.php(18): yii\base\Application->run()
#3 {main}

Next exception 'yii\web\NotFoundHttpException' with message 'Page not found.' in /var/www/html/yii2-shop/vendor/yiisoft/yii2/web/Application.php:112
Stack trace:
#0 /var/www/html/yii2-shop/vendor/yiisoft/yii2/base/Application.php(375): yii\web\Application->handleRequest(Object(yii\web\Request))
#1 /var/www/html/yii2-shop/frontend/web/index.php(18): yii\base\Application->run()
#2 {main}
2016-11-21 12:56:25 [127.0.0.1][-][ie7hg9t0fdvgva3s0qon4ve101][info][application] $_COOKIE = [
    '_identity' => '3734cfefc232a27beb7ee9233666c7b35e902883d1cba489c55a25020c7b6f25a:2:{i:0;s:9:\"_identity\";i:1;s:46:\"[2,\"wrUcO_LSXN0VqIT2dW4vfSgEGUoHySK_\",2592000]\";}'
    'PHPSESSID' => 'ie7hg9t0fdvgva3s0qon4ve101'
    '_csrf' => '6b390937947ac3d065491d7f9999f5f3444d0765a38933c476394a46dad81b66a:2:{i:0;s:5:\"_csrf\";i:1;s:32:\"gnPNuGXqIyB6v44lihmdVFNB7Mbf9Sp6\";}'
]

$_SESSION = [
    '__flash' => []
    '__returnUrl' => '/yii2-shop/'
    '__id' => 2
    '__captcha/site/captcha' => 'yubzrqh'
    '__captcha/site/captchacount' => 1
]

$_SERVER = [
    'REDIRECT_REDIRECT_STATUS' => '200'
    'REDIRECT_STATUS' => '200'
    'HTTP_HOST' => 'localhost'
    'HTTP_USER_AGENT' => 'Mozilla/5.0 (X11; Ubuntu; Linux i686; rv:49.0) Gecko/20100101 Firefox/49.0'
    'HTTP_ACCEPT' => 'text/html,application/xhtml+xml,application/xml;q=0.9,*/*;q=0.8'
    'HTTP_ACCEPT_LANGUAGE' => 'en-US,en;q=0.5'
    'HTTP_ACCEPT_ENCODING' => 'gzip, deflate'
    'HTTP_COOKIE' => '_identity=3734cfefc232a27beb7ee9233666c7b35e902883d1cba489c55a25020c7b6f25a%3A2%3A%7Bi%3A0%3Bs%3A9%3A%22_identity%22%3Bi%3A1%3Bs%3A46%3A%22%5B2%2C%22wrUcO_LSXN0VqIT2dW4vfSgEGUoHySK_%22%2C2592000%5D%22%3B%7D; PHPSESSID=ie7hg9t0fdvgva3s0qon4ve101; _csrf=6b390937947ac3d065491d7f9999f5f3444d0765a38933c476394a46dad81b66a%3A2%3A%7Bi%3A0%3Bs%3A5%3A%22_csrf%22%3Bi%3A1%3Bs%3A32%3A%22gnPNuGXqIyB6v44lihmdVFNB7Mbf9Sp6%22%3B%7D'
    'HTTP_CONNECTION' => 'keep-alive'
    'HTTP_UPGRADE_INSECURE_REQUESTS' => '1'
    'PATH' => '/usr/local/sbin:/usr/local/bin:/usr/sbin:/usr/bin:/sbin:/bin'
    'SERVER_SIGNATURE' => '<address>Apache/2.4.18 (Ubuntu) Server at localhost Port 80</address>
'
    'SERVER_SOFTWARE' => 'Apache/2.4.18 (Ubuntu)'
    'SERVER_NAME' => 'localhost'
    'SERVER_ADDR' => '127.0.0.1'
    'SERVER_PORT' => '80'
    'REMOTE_ADDR' => '127.0.0.1'
    'DOCUMENT_ROOT' => '/var/www/html'
    'REQUEST_SCHEME' => 'http'
    'CONTEXT_PREFIX' => ''
    'CONTEXT_DOCUMENT_ROOT' => '/var/www/html'
    'SERVER_ADMIN' => 'webmaster@localhost'
    'SCRIPT_FILENAME' => '/var/www/html/yii2-shop/frontend/web/index.php'
    'REMOTE_PORT' => '59106'
    'REDIRECT_URL' => '/yii2-shop/frontend/web/backend/'
    'GATEWAY_INTERFACE' => 'CGI/1.1'
    'SERVER_PROTOCOL' => 'HTTP/1.1'
    'REQUEST_METHOD' => 'GET'
    'QUERY_STRING' => ''
    'REQUEST_URI' => '/yii2-shop/backend/'
    'SCRIPT_NAME' => '/yii2-shop/frontend/web/index.php'
    'PHP_SELF' => '/yii2-shop/frontend/web/index.php'
    'REQUEST_TIME_FLOAT' => 1479732985.171
    'REQUEST_TIME' => 1479732985
]
